<?xml version="1.0" encoding="UTF-8"?>
<testng-results ignored="0" total="1" passed="1" failed="0" skipped="0">
  <reporter-output>
  </reporter-output>
  <suite started-at="2024-12-11T04:55:54Z" name="Default suite" finished-at="2024-12-11T04:56:04Z" duration-ms="10082">
    <groups>
    </groups>
    <test started-at="2024-12-11T04:55:54Z" name="Default test" finished-at="2024-12-11T04:56:04Z" duration-ms="10082">
      <class name="org.reports_generation.Amazon_1">
        <test-method is-config="true" signature="bc()[pri:0, instance:org.reports_generation.Amazon_1@7894f09b]" started-at="2024-12-11T04:55:54Z" name="bc" finished-at="2024-12-11T04:56:01Z" duration-ms="6597" status="PASS">
          <reporter-output>
          </reporter-output>
        </test-method> <!-- bc -->
        <test-method signature="tc()[pri:0, instance:org.reports_generation.Amazon_1@7894f09b]" started-at="2024-12-11T04:56:01Z" name="tc" finished-at="2024-12-11T04:56:04Z" duration-ms="2900" status="PASS">
          <reporter-output>
          </reporter-output>
        </test-method> <!-- tc -->
        <test-method is-config="true" signature="af()[pri:0, instance:org.reports_generation.Amazon_1@7894f09b]" started-at="2024-12-11T04:56:04Z" name="af" finished-at="2024-12-11T04:56:04Z" duration-ms="274" status="PASS">
          <reporter-output>
          </reporter-output>
        </test-method> <!-- af -->
      </class> <!-- org.reports_generation.Amazon_1 -->
    </test> <!-- Default test -->
  </suite> <!-- Default suite -->
</testng-results>
